Build started 15.12.2015 10:50:46.
     1>Project "C:\Users\Toni\Documents\GitHub\Tanks\EntityComponentSystem\EntityComponentSystem.vcxproj" on node 2 (Build target(s)).
     1>ClCompile:
         C:\Program Files (x86)\Microsoft Visual Studio 12.0\VC\bin\CL.exe /c /I"C:\Users\Toni\Documents\GitHub\Tanks\SFML-2.2\include" /ZI /nologo /W3 /WX- /Od /Oy- /D WIN32 /D _DEBUG /D _CONSOLE /D _LIB /D _UNICODE /D UNICODE /Gm /EHsc /RTC1 /MDd /GS /fp:precise /Zc:wchar_t /Zc:forScope /Fo"Debug\\" /Fd"Debug\vc120.pdb" /Gd /TP /analyze- /errorReport:prompt Game.cpp GameClient.cpp main.cpp
         GameClient.cpp
     1>c:\users\toni\documents\github\tanks\entitycomponentsystem\gameclient.cpp(51): warning C4018: '<' : signed/unsigned mismatch
         Generating Code...
         Compiling...
         Game.cpp
         Generating Code...
     1>cl : Command line warning D9028: minimal rebuild failure, reverting to normal build
       Link:
         C:\Program Files (x86)\Microsoft Visual Studio 12.0\VC\bin\link.exe /ERRORREPORT:PROMPT /OUT:"C:\Users\Toni\Documents\GitHub\Tanks\Debug\Verkkopeli.exe" /INCREMENTAL /NOLOGO /LIBPATH:"C:\Users\Toni\Documents\GitHub\Tanks\SFML-2.2\lib" "sfml-window-d.lib" "sfml-system-d.lib" "sfml-graphics-d.lib" kernel32.lib user32.lib gdi32.lib winspool.lib comdlg32.lib advapi32.lib shell32.lib ole32.lib oleaut32.lib uuid.lib odbc32.lib odbccp32.lib /MANIFEST /MANIFESTUAC:"level='asInvoker' uiAccess='false'" /manifest:embed /DEBUG /PDB:"C:\Users\Toni\Documents\GitHub\Tanks\Debug\Verkkopeli.pdb" /SUBSYSTEM:CONSOLE /TLBID:1 /DYNAMICBASE /NXCOMPAT /IMPLIB:"C:\Users\Toni\Documents\GitHub\Tanks\Debug\Verkkopeli.lib" /MACHINE:X86 Debug\stdafx.obj
         Debug\Bullet.obj
         Debug\ClientNetwork.obj
         Debug\Game.obj
         Debug\GameClient.obj
         Debug\GameServer.obj
         Debug\main.obj
         Debug\MechanicHandler.obj
         Debug\NetworkServices.obj
         Debug\Player.obj
         Debug\ServerNetwork.obj
         EntityComponentSystem.vcxproj -> C:\Users\Toni\Documents\GitHub\Tanks\Debug\Verkkopeli.exe
     1>Done Building Project "C:\Users\Toni\Documents\GitHub\Tanks\EntityComponentSystem\EntityComponentSystem.vcxproj" (Build target(s)).

Build succeeded.

Time Elapsed 00:00:03.10
